#
# There is insufficient memory for the Java Runtime Environment to continue.
# Native memory allocation (malloc) failed to allocate 1048576 bytes for AllocateHeap
# Possible reasons:
#   The system is out of physical RAM or swap space
#   In 32 bit mode, the process size limit was hit
# Possible solutions:
#   Reduce memory load on the system
#   Increase physical memory or swap space
#   Check if swap backing store is full
#   Use 64 bit Java on a 64 bit OS
#   Decrease Java heap size (-Xmx/-Xms)
#   Decrease number of Java threads
#   Decrease Java thread stack sizes (-Xss)
#   Set larger code cache with -XX:ReservedCodeCacheSize=
# This output file may be truncated or incomplete.
#
#  Out of Memory Error (memory/allocation.inline.hpp:61), pid=52048, tid=0x000000000000bdc4
#
# JRE version:  (8.0) (build )
# Java VM: OpenJDK 64-Bit Server VM (25.71-b00 mixed mode windows-amd64 compressed oops)
# Failed to write core dump. Minidumps are not enabled by default on client versions of Windows
#

---------------  T H R E A D  ---------------

Current thread (0x0000000002902800):  JavaThread "Unknown thread" [_thread_in_vm, id=48580, stack(0x0000000002730000,0x0000000002830000)]

Stack: [0x0000000002730000,0x0000000002830000]
[error occurred during error reporting (printing stack bounds), id 0xc0000005]

Native frames: (J=compiled Java code, j=interpreted, Vv=VM code, C=native code)


---------------  P R O C E S S  ---------------

Java Threads: ( => current thread )

Other Threads:

=>0x0000000002902800 (exited) JavaThread "Unknown thread" [_thread_in_vm, id=48580, stack(0x0000000002730000,0x0000000002830000)]

VM state:not at safepoint (normal execution)

VM Mutex/Monitor currently owned by a thread: None

Heap:
 PSYoungGen      total 153088K, used 2631K [0x0000000715f80000, 0x0000000720a00000, 0x00000007c0000000)
  eden space 131584K, 2% used [0x0000000715f80000,0x0000000716211ec8,0x000000071e000000)
  from space 21504K, 0% used [0x000000071f500000,0x000000071f500000,0x0000000720a00000)
  to   space 21504K, 0% used [0x000000071e000000,0x000000071e000000,0x000000071f500000)
 ParOldGen       total 349696K, used 0K [0x00000005c1e00000, 0x00000005d7380000, 0x0000000715f80000)
  object space 349696K, 0% used [0x00000005c1e00000,0x00000005c1e00000,0x00000005d7380000)
 Metaspace       used 777K, capacity 4480K, committed 4480K, reserved 1056768K
  class space    used 74K, capacity 384K, committed 384K, reserved 1048576K

Card table byte_map: [0x0000000011dc0000,0x0000000012dc0000] byte_map_base: 0x000000000efb1000

Marking Bits: (ParMarkBitMap*) 0x000000006702be50
 Begin Bits: [0x0000000013c70000, 0x000000001bbf8000)
 End Bits:   [0x000000001bbf8000, 0x0000000023b80000)

Polling page: 0x0000000000ff0000

CodeCache: size=245760Kb used=328Kb max_used=328Kb free=245431Kb
 bounds [0x0000000002a00000, 0x0000000002c70000, 0x0000000011a00000]
 total_blobs=57 nmethods=0 adapters=38
 compilation: enabled

Compilation events (0 events):
No events

GC Heap History (0 events):
No events

Deoptimization events (0 events):
No events

Classes redefined (0 events):
No events

Internal exceptions (0 events):
No events

Events (10 events):
Event: 0.034 loading class java/lang/Short
Event: 0.034 loading class java/lang/Short done
Event: 0.034 loading class java/lang/Integer
Event: 0.034 loading class java/lang/Integer done
Event: 0.034 loading class java/lang/Long
Event: 0.034 loading class java/lang/Long done
Event: 0.035 loading class java/lang/NullPointerException
Event: 0.035 loading class java/lang/NullPointerException done
Event: 0.035 loading class java/lang/ArithmeticException
Event: 0.035 loading class java/lang/ArithmeticException done


Dynamic libraries:
0x00007ff7af2a0000 - 0x00007ff7af2d5000 	D:\Unity\2019.4.10f1\Editor\Data\PlaybackEngines\AndroidPlayer\OpenJDK\bin\java.exe
0x00007ffd234c0000 - 0x00007ffd236b0000 	C:\Windows\SYSTEM32\ntdll.dll
0x00007ffd220a0000 - 0x00007ffd22152000 	C:\Windows\System32\KERNEL32.DLL
0x00007ffd205b0000 - 0x00007ffd20855000 	C:\Windows\System32\KERNELBASE.dll
0x00007ffd22200000 - 0x00007ffd222a3000 	C:\Windows\System32\ADVAPI32.dll
0x00007ffd21f30000 - 0x00007ffd21fce000 	C:\Windows\System32\msvcrt.dll
0x00007ffd22160000 - 0x00007ffd221f7000 	C:\Windows\System32\sechost.dll
0x00007ffd21620000 - 0x00007ffd2173f000 	C:\Windows\System32\RPCRT4.dll
0x00007ffd21d30000 - 0x00007ffd21ec4000 	C:\Windows\System32\USER32.dll
0x00007ffd204f0000 - 0x00007ffd20511000 	C:\Windows\System32\win32u.dll
0x00007ffd21740000 - 0x00007ffd21766000 	C:\Windows\System32\GDI32.dll
0x00007ffd20fe0000 - 0x00007ffd21178000 	C:\Windows\System32\gdi32full.dll
0x00007ffd20450000 - 0x00007ffd204ee000 	C:\Windows\System32\msvcp_win.dll
0x00007ffd21230000 - 0x00007ffd2132a000 	C:\Windows\System32\ucrtbase.dll
0x00007ffcff6a0000 - 0x00007ffcff924000 	C:\Windows\WinSxS\amd64_microsoft.windows.common-controls_6595b64144ccf1df_6.0.18362.1500_none_9e79be6de462295c\COMCTL32.dll
0x00007ffd22420000 - 0x00007ffd22756000 	C:\Windows\System32\combase.dll
0x00007ffd20520000 - 0x00007ffd205a1000 	C:\Windows\System32\bcryptPrimitives.dll
0x00007ffd22760000 - 0x00007ffd2278e000 	C:\Windows\System32\IMM32.DLL
0x00000000670b0000 - 0x0000000067182000 	D:\Unity\2019.4.10f1\Editor\Data\PlaybackEngines\AndroidPlayer\OpenJDK\jre\bin\msvcr100.dll
0x0000000066860000 - 0x00000000670a9000 	D:\Unity\2019.4.10f1\Editor\Data\PlaybackEngines\AndroidPlayer\OpenJDK\jre\bin\server\jvm.dll
0x00007ffd21d20000 - 0x00007ffd21d28000 	C:\Windows\System32\PSAPI.DLL
0x00007ffd188b0000 - 0x00007ffd188b9000 	C:\Windows\SYSTEM32\WSOCK32.dll
0x00007ffd22f00000 - 0x00007ffd22f6f000 	C:\Windows\System32\WS2_32.dll
0x00007ffd1ddc0000 - 0x00007ffd1dde4000 	C:\Windows\SYSTEM32\WINMM.dll
0x00007ffd187c0000 - 0x00007ffd187ca000 	C:\Windows\SYSTEM32\VERSION.dll
0x00007ffd1dd90000 - 0x00007ffd1ddbd000 	C:\Windows\SYSTEM32\WINMMBASE.dll
0x00007ffd211e0000 - 0x00007ffd2122a000 	C:\Windows\System32\cfgmgr32.dll
0x00007ffcf2d40000 - 0x00007ffcf2d4f000 	D:\Unity\2019.4.10f1\Editor\Data\PlaybackEngines\AndroidPlayer\OpenJDK\jre\bin\verify.dll
0x00007ffcc9a90000 - 0x00007ffcc9ab9000 	D:\Unity\2019.4.10f1\Editor\Data\PlaybackEngines\AndroidPlayer\OpenJDK\jre\bin\java.dll
0x00007ffcc9090000 - 0x00007ffcc90a6000 	D:\Unity\2019.4.10f1\Editor\Data\PlaybackEngines\AndroidPlayer\OpenJDK\jre\bin\zip.dll

VM Arguments:
jvm_args: -Dfile.encoding=UTF-8 
java_command: <unknown>
java_class_path (initial): .
Launcher Type: SUN_STANDARD

Environment Variables:
JAVA_HOME=D:/Unity/2019.4.10f1/Editor/Data/PlaybackEngines/AndroidPlayer\OpenJDK
JAVA_TOOL_OPTIONS=-Dfile.encoding=UTF-8
PATH=C:\Program Files (x86)\Common Files\Oracle\Java\javapath;C:\Windows\system32;C:\Windows;C:\Windows\System32\Wbem;C:\Windows\System32\WindowsPowerShell\v1.0\;C:\Windows\System32\OpenSSH\;C:\Program Files\NVIDIA Corporation\NVIDIA NvDLISR;e:\programms\python\Scripts;C:\Program Files\dotnet\;C:\Program Files\Microsoft SQL Server\130\Tools\Binn\;C:\Program Files\Microsoft SQL Server\Client SDK\ODBC\170\Tools\Binn\;C:\Program Files (x86)\NVIDIA Corporation\PhysX\Common;D:\node\;C:\Program Files\Git\cmd;C:\Users\Admin\AppData\Local\Microsoft\WindowsApps;e:\programms\python\Scripts;C:\Users\Admin\AppData\Roaming\npm;D:\node;C:\Program Files\Git\bin;;D:\Rider\JetBrains Rider 2020.3.2\bin;
USERNAME=Admin
OS=Windows_NT
PROCESSOR_IDENTIFIER=Intel64 Family 6 Model 158 Stepping 9, GenuineIntel



---------------  S Y S T E M  ---------------

OS: Windows 10.0 , 64 bit Build 18362 (10.0.18362.1500)

CPU:total 4 (initial active 4) (4 cores per cpu, 1 threads per core) family 6 model 158 stepping 9, cmov, cx8, fxsr, mmx, sse, sse2, sse3, ssse3, sse4.1, sse4.2, popcnt, avx, avx2, aes, clmul, erms, 3dnowpref, lzcnt, tsc, tscinvbit, bmi1, bmi2, adx

Memory: 4k page, physical 33430620k(6141112k free), swap 33430620k(1252k free)

vm_info: OpenJDK 64-Bit Server VM (25.71-b00) for windows-amd64 JRE (1.8.0-adoptopenjdk-_2018_05_19_00_59-b00), built on May 19 2018 01:02:12 by "jenkins" with MS VC++ 10.0 (VS2010)

time: Fri Apr 30 13:43:33 2021
elapsed time: 0 seconds (0d 0h 0m 0s)

